<?xml version="1.0" encoding="UTF-8"?>
<!-- Generated by org.testng.reporters.JUnitReportReporter -->
<testsuite hostname="pkrvm7jw40e0xgp" failures="0" tests="14" name="org.example.testng.LoginTest" time="71.210" errors="0" timestamp="2025-09-07T01:04:43 UTC" skipped="0">
  <testcase classname="org.example.testng.LoginTest" name="testLogin" time="13.135"/>
  <testcase classname="org.example.testng.LoginTest" name="testLogin" time="4.526"/>
  <testcase classname="org.example.testng.LoginTest" name="testLogin" time="6.078"/>
  <testcase classname="org.example.testng.LoginTest" name="testLogin" time="2.288"/>
  <testcase classname="org.example.testng.LoginTest" name="testLogin" time="5.707"/>
  <testcase classname="org.example.testng.LoginTest" name="testLogin" time="3.085"/>
  <testcase classname="org.example.testng.LoginTest" name="testLogin" time="4.627"/>
  <testcase classname="org.example.testng.LoginTest" name="testLogin" time="4.907"/>
  <testcase classname="org.example.testng.LoginTest" name="testLogin" time="2.890"/>
  <testcase classname="org.example.testng.LoginTest" name="testLogin" time="2.417"/>
  <testcase classname="org.example.testng.LoginTest" name="testLogin" time="9.181"/>
  <testcase classname="org.example.testng.LoginTest" name="testLogin" time="2.721"/>
  <testcase classname="org.example.testng.LoginTest" name="testLogin" time="3.899"/>
  <testcase classname="org.example.testng.LoginTest" name="testLogin" time="5.749"/>
</testsuite> <!-- org.example.testng.LoginTest -->
