<?xml version="1.0" encoding="UTF-8"?>
<!-- Generated by org.testng.reporters.JUnitReportReporter -->
<testsuite hostname="pkrvm7jw40e0xgp" failures="0" tests="20" name="org.example.testng.RegisterTest" time="94.062" errors="0" timestamp="2025-09-07T01:04:55 UTC" skipped="0">
  <testcase classname="org.example.testng.RegisterTest" name="testRegister" time="3.083"/>
  <testcase classname="org.example.testng.RegisterTest" name="testRegister" time="4.009"/>
  <testcase classname="org.example.testng.RegisterTest" name="testRegister" time="2.836"/>
  <testcase classname="org.example.testng.RegisterTest" name="testRegister" time="5.027"/>
  <testcase classname="org.example.testng.RegisterTest" name="testRegister" time="6.358"/>
  <testcase classname="org.example.testng.RegisterTest" name="testRegister" time="4.719"/>
  <testcase classname="org.example.testng.RegisterTest" name="testRegister" time="14.118"/>
  <testcase classname="org.example.testng.RegisterTest" name="testRegister" time="5.076"/>
  <testcase classname="org.example.testng.RegisterTest" name="testRegister" time="9.202"/>
  <testcase classname="org.example.testng.RegisterTest" name="testRegister" time="3.029"/>
  <testcase classname="org.example.testng.RegisterTest" name="testRegister" time="4.947"/>
  <testcase classname="org.example.testng.RegisterTest" name="testRegister" time="5.960"/>
  <testcase classname="org.example.testng.RegisterTest" name="testRegister" time="3.253"/>
  <testcase classname="org.example.testng.RegisterTest" name="testRegister" time="3.766"/>
  <testcase classname="org.example.testng.RegisterTest" name="testRegister" time="3.143"/>
  <testcase classname="org.example.testng.RegisterTest" name="testRegister" time="3.089"/>
  <testcase classname="org.example.testng.RegisterTest" name="testRegister" time="3.156"/>
  <testcase classname="org.example.testng.RegisterTest" name="testRegister" time="2.859"/>
  <testcase classname="org.example.testng.RegisterTest" name="testRegister" time="2.409"/>
  <testcase classname="org.example.testng.RegisterTest" name="testRegister" time="4.023"/>
</testsuite> <!-- org.example.testng.RegisterTest -->
